<?xml version="1.0" encoding="UTF-8"?>
<!-- Generated by org.testng.reporters.JUnitXMLReporter -->
<testsuite hostname="shty-qc-wujj2" name="Test1" tests="5" failures="0" timestamp="1 Dec 2017 07:13:16 GMT" time="56.384" errors="0">
  <testcase name="newIPC" time="14.689" classname="so.sao.integration.basicData.IPC"/>
  <testcase name="editIPC" time="3.666" classname="so.sao.integration.basicData.IPC"/>
  <testcase name="stopandawaken" time="12.404" classname="so.sao.integration.basicData.IPC"/>
  <testcase name="search" time="8.223" classname="so.sao.integration.basicData.IPC"/>
  <testcase name="delIPC" time="7.213" classname="so.sao.integration.basicData.IPC"/>
</testsuite> <!-- Test1 -->
