<?xml version="1.0" encoding="UTF-8"?>
<!-- Generated by org.testng.reporters.JUnitXMLReporter -->
<testsuite hostname="shty-qc-wujj" name="Default test" tests="3" failures="0" timestamp="24 Oct 2017 01:37:13 GMT" time="30.559" errors="0">
  <testcase name="newRole" time="7.629" classname="so.sao.integration.platformService.Roles"/>
  <testcase name="alterRole" time="10.631" classname="so.sao.integration.platformService.Roles"/>
  <testcase name="delRole" time="3.209" classname="so.sao.integration.platformService.Roles"/>
</testsuite> <!-- Default test -->
