<?xml version="1.0" encoding="UTF-8"?>
<!-- Generated by org.testng.reporters.JUnitXMLReporter -->
<testsuite hostname="shty-qc-wujj" name="Default test" tests="3" failures="0" timestamp="26 Oct 2017 09:55:16 GMT" time="30.508" errors="0">
  <testcase name="newRole" time="7.22" classname="so.sao.integration.platformService.Roles"/>
  <testcase name="alterRole" time="10.78" classname="so.sao.integration.platformService.Roles"/>
  <testcase name="delRole" time="3.226" classname="so.sao.integration.platformService.Roles"/>
</testsuite> <!-- Default test -->
