<?xml version="1.0" encoding="UTF-8"?>
<testng-results skipped="0" failed="0" total="2" passed="2">
  <reporter-output>
  </reporter-output>
  <suite name="Default suite" duration-ms="18435" started-at="2017-10-23T08:41:19Z" finished-at="2017-10-23T08:41:38Z">
    <groups>
    </groups>
    <test name="Default test" duration-ms="18435" started-at="2017-10-23T08:41:19Z" finished-at="2017-10-23T08:41:38Z">
      <class name="so.sao.integration.basicData.DataDictionary">
        <test-method status="PASS" signature="conect()[pri:0, instance:so.sao.integration.basicData.DataDictionary@224edc67]" name="conect" is-config="true" duration-ms="207" started-at="2017-10-23T16:41:19Z" finished-at="2017-10-23T16:41:20Z">
          <reporter-output>
          </reporter-output>
        </test-method> <!-- conect -->
        <test-method status="PASS" signature="loadDriver()[pri:0, instance:so.sao.integration.basicData.DataDictionary@224edc67]" name="loadDriver" is-config="true" duration-ms="3564" started-at="2017-10-23T16:41:20Z" finished-at="2017-10-23T16:41:23Z">
          <reporter-output>
          </reporter-output>
        </test-method> <!-- loadDriver -->
        <test-method status="PASS" signature="login()[pri:0, instance:so.sao.integration.basicData.DataDictionary@224edc67]" name="login" is-config="true" duration-ms="5276" started-at="2017-10-23T16:41:23Z" finished-at="2017-10-23T16:41:28Z">
          <reporter-output>
          </reporter-output>
        </test-method> <!-- login -->
        <test-method status="PASS" signature="newDataDictionary()[pri:2, instance:so.sao.integration.basicData.DataDictionary@224edc67]" name="newDataDictionary" duration-ms="6137" started-at="2017-10-23T16:41:28Z" finished-at="2017-10-23T16:41:35Z">
          <reporter-output>
          </reporter-output>
        </test-method> <!-- newDataDictionary -->
        <test-method status="PASS" signature="delDataDictionary()[pri:3, instance:so.sao.integration.basicData.DataDictionary@224edc67]" name="delDataDictionary" duration-ms="3226" started-at="2017-10-23T16:41:35Z" finished-at="2017-10-23T16:41:38Z">
          <reporter-output>
          </reporter-output>
        </test-method> <!-- delDataDictionary -->
        <test-method status="PASS" signature="closebrowser()[pri:0, instance:so.sao.integration.basicData.DataDictionary@224edc67]" name="closebrowser" is-config="true" duration-ms="8" started-at="2017-10-23T16:41:38Z" finished-at="2017-10-23T16:41:38Z">
          <reporter-output>
          </reporter-output>
        </test-method> <!-- closebrowser -->
        <test-method status="PASS" signature="closedb()[pri:0, instance:so.sao.integration.basicData.DataDictionary@224edc67]" name="closedb" is-config="true" duration-ms="2" started-at="2017-10-23T16:41:38Z" finished-at="2017-10-23T16:41:38Z">
          <reporter-output>
          </reporter-output>
        </test-method> <!-- closedb -->
      </class> <!-- so.sao.integration.basicData.DataDictionary -->
    </test> <!-- Default test -->
  </suite> <!-- Default suite -->
</testng-results>
