<?xml version="1.0" encoding="UTF-8"?>
<testng-results skipped="0" failed="0" total="5" passed="5">
  <reporter-output>
  </reporter-output>
  <suite name="Default suite" duration-ms="51753" started-at="2017-10-12T09:42:28Z" finished-at="2017-10-12T09:43:20Z">
    <groups>
    </groups>
    <test name="Default test" duration-ms="51753" started-at="2017-10-12T09:42:28Z" finished-at="2017-10-12T09:43:20Z">
      <class name="so.sao.integration.basicData.Factories">
        <test-method status="PASS" signature="conect()[pri:0, instance:so.sao.integration.basicData.Factories@6a4f787b]" name="conect" is-config="true" duration-ms="201" started-at="2017-10-12T17:42:28Z" finished-at="2017-10-12T17:42:28Z">
          <reporter-output>
          </reporter-output>
        </test-method> <!-- conect -->
        <test-method status="PASS" signature="loadDriver()[pri:0, instance:so.sao.integration.basicData.Factories@6a4f787b]" name="loadDriver" is-config="true" duration-ms="3382" started-at="2017-10-12T17:42:28Z" finished-at="2017-10-12T17:42:32Z">
          <reporter-output>
          </reporter-output>
        </test-method> <!-- loadDriver -->
        <test-method status="PASS" signature="login()[pri:0, instance:so.sao.integration.basicData.Factories@6a4f787b]" name="login" is-config="true" duration-ms="4745" started-at="2017-10-12T17:42:32Z" finished-at="2017-10-12T17:42:37Z">
          <reporter-output>
          </reporter-output>
        </test-method> <!-- login -->
        <test-method status="PASS" signature="addFactory()[pri:2, instance:so.sao.integration.basicData.Factories@6a4f787b]" name="addFactory" duration-ms="9775" started-at="2017-10-12T17:42:37Z" finished-at="2017-10-12T17:42:46Z">
          <reporter-output>
          </reporter-output>
        </test-method> <!-- addFactory -->
        <test-method status="PASS" signature="searchFactory()[pri:3, instance:so.sao.integration.basicData.Factories@6a4f787b]" name="searchFactory" duration-ms="5020" started-at="2017-10-12T17:42:46Z" finished-at="2017-10-12T17:42:51Z">
          <reporter-output>
          </reporter-output>
        </test-method> <!-- searchFactory -->
        <test-method status="PASS" signature="alterFactory()[pri:4, instance:so.sao.integration.basicData.Factories@6a4f787b]" name="alterFactory" duration-ms="11533" started-at="2017-10-12T17:42:51Z" finished-at="2017-10-12T17:43:03Z">
          <reporter-output>
          </reporter-output>
        </test-method> <!-- alterFactory -->
        <test-method status="PASS" signature="stopAndawakenFactory()[pri:5, instance:so.sao.integration.basicData.Factories@6a4f787b]" name="stopAndawakenFactory" duration-ms="12873" started-at="2017-10-12T17:43:03Z" finished-at="2017-10-12T17:43:16Z">
          <reporter-output>
          </reporter-output>
        </test-method> <!-- stopAndawakenFactory -->
        <test-method status="PASS" signature="delFactory()[pri:6, instance:so.sao.integration.basicData.Factories@6a4f787b]" name="delFactory" duration-ms="4196" started-at="2017-10-12T17:43:16Z" finished-at="2017-10-12T17:43:20Z">
          <reporter-output>
          </reporter-output>
        </test-method> <!-- delFactory -->
        <test-method status="PASS" signature="closebrowser()[pri:0, instance:so.sao.integration.basicData.Factories@6a4f787b]" name="closebrowser" is-config="true" duration-ms="7" started-at="2017-10-12T17:43:20Z" finished-at="2017-10-12T17:43:20Z">
          <reporter-output>
          </reporter-output>
        </test-method> <!-- closebrowser -->
        <test-method status="PASS" signature="closedb()[pri:0, instance:so.sao.integration.basicData.Factories@6a4f787b]" name="closedb" is-config="true" duration-ms="1" started-at="2017-10-12T17:43:20Z" finished-at="2017-10-12T17:43:20Z">
          <reporter-output>
          </reporter-output>
        </test-method> <!-- closedb -->
      </class> <!-- so.sao.integration.basicData.Factories -->
    </test> <!-- Default test -->
  </suite> <!-- Default suite -->
</testng-results>
