<?xml version="1.0" encoding="UTF-8"?>
<!-- Generated by org.testng.reporters.JUnitXMLReporter -->
<testsuite hostname="shty-qc-wujj" name="Test1" tests="4" failures="0" timestamp="12 Oct 2017 06:17:29 GMT" time="41.782" errors="0">
  <testcase name="newProduct" time="10.436" classname="so.sao.integration.basicData.Products"/>
  <testcase name="alterProduct" time="4.921" classname="so.sao.integration.basicData.Products"/>
  <testcase name="stopAndawakenProduct" time="13.09" classname="so.sao.integration.basicData.Products"/>
  <testcase name="delProduct" time="4.207" classname="so.sao.integration.basicData.Products"/>
</testsuite> <!-- Test1 -->
